2026-06-23 10:42:52,661 [INFO] schedule : every 60 min | 1/run
2026-06-23 10:42:52,661 [INFO] score    : min 3 | cap 200
2026-06-23 10:42:52,661 [INFO] [38;5;196m═[0m[38;5;196m═[0m[38;5;196m═[0m[38;5;196m═[0m[38;5;196m═[0m[38;5;196m═[0m[38;5;196m═[0m[38;5;196m═[0m[38;5;196m═[0m[38;5;196m═[0m[38;5;196m═[0m[38;5;196m═[0m[38;5;196m═[0m[38;5;196m═[0m[38;5;196m═[0m[38;5;196m═[0m[38;5;196m═[0m[38;5;196m═[0m[38;5;196m═[0m[38;5;196m═[0m[38;5;196m═[0m[38;5;196m═[0m[38;5;196m═[0m[38;5;196m═[0m[38;5;196m═[0m[38;5;196m═[0m[38;5;196m═[0m[38;5;196m═[0m[38;5;196m═[0m[38;5;196m═[0m[38;5;196m═[0m[38;5;196m═[0m[38;5;196m═[0m[38;5;196m═[0m[38;5;196m═[0m[38;5;196m═[0m[38;5;196m═[0m[38;5;196m═[0m[38;5;196m═[0m[38;5;196m═[0m[38;5;196m═[0m[38;5;196m═[0m[38;5;196m═[0m[38;5;196m═[0m[38;5;196m═[0m[38;5;196m═[0m[38;5;196m═[0m[38;5;196m═[0m[38;5;196m═[0m[38;5;196m═[0m[38;5;196m═[0m[38;5;196m═[0m[38;5;196m═[0m[38;5;196m═[0m[38;5;196m═[0m[38;5;196m═[0m[38;5;196m═[0m[38;5;196m═[0m[38;5;196m═[0m[38;5;196m═[0m
2026-06-23 10:42:52,661 [INFO] [38;5;196m[bitthewriteup][0m  run #1  2026-06-23 10:42 UTC
2026-06-23 10:42:52,661 [INFO] [38;5;220m── refreshing queue ──────────────────────────────────[0m
2026-06-23 10:42:52,661 [INFO]   active sources: 6/6
2026-06-23 10:42:52,661 [INFO]   [38;5;220m>[0m PortSwigger Research
2026-06-23 10:42:53,098 [INFO]     [38;5;220m✓[0m 40/40 passed | top 40 kept
2026-06-23 10:42:53,098 [INFO]   [38;5;220m>[0m Intigriti Blog
2026-06-23 10:42:53,718 [INFO]     [38;5;220m✓[0m 20/20 passed | top 20 kept
2026-06-23 10:42:53,718 [INFO]   [38;5;220m>[0m Medium — Bug Bounty Writeup
2026-06-23 10:42:53,923 [INFO]     [38;5;220m✓[0m 9/9 passed | top 9 kept
2026-06-23 10:42:53,923 [INFO]   [38;5;220m>[0m Medium — Bug Bounty
2026-06-23 10:42:54,063 [INFO]     [38;5;220m✓[0m 10/10 passed | top 10 kept
2026-06-23 10:42:54,063 [INFO]   [38;5;220m>[0m dev.to — Bug Bounty
2026-06-23 10:42:54,382 [INFO]     [38;5;220m✓[0m 12/12 passed | top 12 kept
2026-06-23 10:42:54,382 [INFO]   [38;5;220m>[0m GitHub medium-writeups
2026-06-23 10:42:54,631 [INFO]     [38;5;220m✓[0m 20/20 passed | top 20 kept
2026-06-23 10:42:54,631 [INFO]   dropped 57 low-quality (score < 3)
2026-06-23 10:42:54,633 [INFO]   queue → 54 items  [devto:6 | github_wu:20 | intigriti:7 | medium_bb:3 | medium_wu:3 | portswigger:15]
2026-06-23 10:42:54,634 [INFO]   [38;5;220m→[0m [intigriti] score=29  Intigriti Bug Bytes #236 - May 2026 🚀
2026-06-23 10:42:54,880 [INFO]   [38;5;220m✅ sent[0m
2026-06-23 10:42:56,381 [INFO]   done. sent 1/1 | queue: 53
2026-06-23 13:43:11,371 [INFO] schedule : every 60 min | 1/run
2026-06-23 13:43:11,371 [INFO] score    : min 3 | cap 200
2026-06-23 13:43:11,371 [INFO] [38;5;196m═[0m[38;5;196m═[0m[38;5;196m═[0m[38;5;196m═[0m[38;5;196m═[0m[38;5;196m═[0m[38;5;196m═[0m[38;5;196m═[0m[38;5;196m═[0m[38;5;196m═[0m[38;5;196m═[0m[38;5;196m═[0m[38;5;196m═[0m[38;5;196m═[0m[38;5;196m═[0m[38;5;196m═[0m[38;5;196m═[0m[38;5;196m═[0m[38;5;196m═[0m[38;5;196m═[0m[38;5;196m═[0m[38;5;196m═[0m[38;5;196m═[0m[38;5;196m═[0m[38;5;196m═[0m[38;5;196m═[0m[38;5;196m═[0m[38;5;196m═[0m[38;5;196m═[0m[38;5;196m═[0m[38;5;196m═[0m[38;5;196m═[0m[38;5;196m═[0m[38;5;196m═[0m[38;5;196m═[0m[38;5;196m═[0m[38;5;196m═[0m[38;5;196m═[0m[38;5;196m═[0m[38;5;196m═[0m[38;5;196m═[0m[38;5;196m═[0m[38;5;196m═[0m[38;5;196m═[0m[38;5;196m═[0m[38;5;196m═[0m[38;5;196m═[0m[38;5;196m═[0m[38;5;196m═[0m[38;5;196m═[0m[38;5;196m═[0m[38;5;196m═[0m[38;5;196m═[0m[38;5;196m═[0m[38;5;196m═[0m[38;5;196m═[0m[38;5;196m═[0m[38;5;196m═[0m[38;5;196m═[0m[38;5;196m═[0m
2026-06-23 13:43:11,371 [INFO] [38;5;196m[bitthewriteup][0m  run #1  2026-06-23 13:43 UTC
2026-06-23 13:43:11,372 [INFO] [38;5;220m── refreshing queue ──────────────────────────────────[0m
2026-06-23 13:43:11,372 [INFO]   active sources: 6/6
2026-06-23 13:43:11,372 [INFO]   [38;5;220m>[0m PortSwigger Research
2026-06-23 13:43:11,623 [INFO]     [38;5;220m✓[0m 40/40 passed | top 40 kept
2026-06-23 13:43:11,623 [INFO]   [38;5;220m>[0m Intigriti Blog
2026-06-23 13:43:12,184 [INFO]     [38;5;220m✓[0m 20/20 passed | top 20 kept
2026-06-23 13:43:12,184 [INFO]   [38;5;220m>[0m Medium — Bug Bounty Writeup
2026-06-23 13:43:12,311 [INFO]     [38;5;220m✓[0m 10/10 passed | top 10 kept
2026-06-23 13:43:12,311 [INFO]   [38;5;220m>[0m Medium — Bug Bounty
2026-06-23 13:43:12,408 [INFO]     [38;5;220m✓[0m 10/10 passed | top 10 kept
2026-06-23 13:43:12,408 [INFO]   [38;5;220m>[0m dev.to — Bug Bounty
2026-06-23 13:43:12,757 [INFO]     [38;5;220m✓[0m 12/12 passed | top 12 kept
2026-06-23 13:43:12,757 [INFO]   [38;5;220m>[0m GitHub medium-writeups
2026-06-23 13:43:12,985 [INFO]     [38;5;220m✓[0m 20/20 passed | top 20 kept
2026-06-23 13:43:12,986 [INFO]   dropped 54 low-quality (score < 3)
2026-06-23 13:43:12,987 [INFO]   queue → 60 items  [devto:6 | github_wu:21 | intigriti:6 | medium_bb:7 | medium_wu:5 | portswigger:15]
2026-06-23 13:43:12,987 [INFO]   [38;5;220m→[0m [medium_bb] score=21  From Fuzzing to Administrator Access: Chaining Multiple Weak
2026-06-23 13:43:13,221 [INFO]   [38;5;220m✅ sent[0m
2026-06-23 13:43:14,722 [INFO]   done. sent 1/1 | queue: 59
2026-06-23 16:26:58,095 [INFO] schedule : every 60 min | 1/run
2026-06-23 16:26:58,096 [INFO] score    : min 3 | cap 200
2026-06-23 16:26:58,096 [INFO] [38;5;196m═[0m[38;5;196m═[0m[38;5;196m═[0m[38;5;196m═[0m[38;5;196m═[0m[38;5;196m═[0m[38;5;196m═[0m[38;5;196m═[0m[38;5;196m═[0m[38;5;196m═[0m[38;5;196m═[0m[38;5;196m═[0m[38;5;196m═[0m[38;5;196m═[0m[38;5;196m═[0m[38;5;196m═[0m[38;5;196m═[0m[38;5;196m═[0m[38;5;196m═[0m[38;5;196m═[0m[38;5;196m═[0m[38;5;196m═[0m[38;5;196m═[0m[38;5;196m═[0m[38;5;196m═[0m[38;5;196m═[0m[38;5;196m═[0m[38;5;196m═[0m[38;5;196m═[0m[38;5;196m═[0m[38;5;196m═[0m[38;5;196m═[0m[38;5;196m═[0m[38;5;196m═[0m[38;5;196m═[0m[38;5;196m═[0m[38;5;196m═[0m[38;5;196m═[0m[38;5;196m═[0m[38;5;196m═[0m[38;5;196m═[0m[38;5;196m═[0m[38;5;196m═[0m[38;5;196m═[0m[38;5;196m═[0m[38;5;196m═[0m[38;5;196m═[0m[38;5;196m═[0m[38;5;196m═[0m[38;5;196m═[0m[38;5;196m═[0m[38;5;196m═[0m[38;5;196m═[0m[38;5;196m═[0m[38;5;196m═[0m[38;5;196m═[0m[38;5;196m═[0m[38;5;196m═[0m[38;5;196m═[0m[38;5;196m═[0m
2026-06-23 16:26:58,096 [INFO] [38;5;196m[bitthewriteup][0m  run #1  2026-06-23 16:26 UTC
2026-06-23 16:26:58,097 [INFO] [38;5;220m── refreshing queue ──────────────────────────────────[0m
2026-06-23 16:26:58,097 [INFO]   active sources: 6/6
2026-06-23 16:26:58,097 [INFO]   [38;5;220m>[0m PortSwigger Research
2026-06-23 16:26:58,342 [INFO]     [38;5;220m✓[0m 40/40 passed | top 40 kept
2026-06-23 16:26:58,343 [INFO]   [38;5;220m>[0m Intigriti Blog
2026-06-23 16:26:58,840 [INFO]     [38;5;220m✓[0m 20/20 passed | top 20 kept
2026-06-23 16:26:58,840 [INFO]   [38;5;220m>[0m Medium — Bug Bounty Writeup
2026-06-23 16:26:58,951 [INFO]     [38;5;220m✓[0m 10/10 passed | top 10 kept
2026-06-23 16:26:58,951 [INFO]   [38;5;220m>[0m Medium — Bug Bounty
2026-06-23 16:26:59,080 [INFO]     [38;5;220m✓[0m 10/10 passed | top 10 kept
2026-06-23 16:26:59,080 [INFO]   [38;5;220m>[0m dev.to — Bug Bounty
2026-06-23 16:26:59,639 [INFO]     [38;5;220m✓[0m 12/12 passed | top 12 kept
2026-06-23 16:26:59,639 [INFO]   [38;5;220m>[0m GitHub medium-writeups
2026-06-23 16:26:59,914 [INFO]     [38;5;220m✓[0m 20/20 passed | top 20 kept
2026-06-23 16:26:59,914 [INFO]   dropped 55 low-quality (score < 3)
2026-06-23 16:26:59,916 [INFO]   queue → 62 items  [devto:6 | github_wu:22 | intigriti:6 | medium_bb:7 | medium_wu:6 | portswigger:15]
2026-06-23 16:26:59,916 [INFO]   [38;5;220m→[0m [portswigger] score=21  Splitting the email atom: exploiting parsers to bypass acces
2026-06-23 16:27:00,347 [INFO]   [38;5;220m✅ sent[0m
2026-06-23 16:27:01,848 [INFO]   done. sent 1/1 | queue: 61
2026-06-23 19:08:57,980 [INFO] schedule : every 60 min | 1/run
2026-06-23 19:08:57,980 [INFO] score    : min 3 | cap 200
2026-06-23 19:08:57,980 [INFO] [38;5;196m═[0m[38;5;196m═[0m[38;5;196m═[0m[38;5;196m═[0m[38;5;196m═[0m[38;5;196m═[0m[38;5;196m═[0m[38;5;196m═[0m[38;5;196m═[0m[38;5;196m═[0m[38;5;196m═[0m[38;5;196m═[0m[38;5;196m═[0m[38;5;196m═[0m[38;5;196m═[0m[38;5;196m═[0m[38;5;196m═[0m[38;5;196m═[0m[38;5;196m═[0m[38;5;196m═[0m[38;5;196m═[0m[38;5;196m═[0m[38;5;196m═[0m[38;5;196m═[0m[38;5;196m═[0m[38;5;196m═[0m[38;5;196m═[0m[38;5;196m═[0m[38;5;196m═[0m[38;5;196m═[0m[38;5;196m═[0m[38;5;196m═[0m[38;5;196m═[0m[38;5;196m═[0m[38;5;196m═[0m[38;5;196m═[0m[38;5;196m═[0m[38;5;196m═[0m[38;5;196m═[0m[38;5;196m═[0m[38;5;196m═[0m[38;5;196m═[0m[38;5;196m═[0m[38;5;196m═[0m[38;5;196m═[0m[38;5;196m═[0m[38;5;196m═[0m[38;5;196m═[0m[38;5;196m═[0m[38;5;196m═[0m[38;5;196m═[0m[38;5;196m═[0m[38;5;196m═[0m[38;5;196m═[0m[38;5;196m═[0m[38;5;196m═[0m[38;5;196m═[0m[38;5;196m═[0m[38;5;196m═[0m[38;5;196m═[0m
2026-06-23 19:08:57,980 [INFO] [38;5;196m[bitthewriteup][0m  run #1  2026-06-23 19:08 UTC
2026-06-23 19:08:57,981 [INFO] [38;5;220m── refreshing queue ──────────────────────────────────[0m
2026-06-23 19:08:57,981 [INFO]   active sources: 6/6
2026-06-23 19:08:57,981 [INFO]   [38;5;220m>[0m PortSwigger Research
2026-06-23 19:08:58,207 [INFO]     [38;5;220m✓[0m 40/40 passed | top 40 kept
2026-06-23 19:08:58,208 [INFO]   [38;5;220m>[0m Intigriti Blog
2026-06-23 19:08:58,817 [INFO]     [38;5;220m✓[0m 20/20 passed | top 20 kept
2026-06-23 19:08:58,817 [INFO]   [38;5;220m>[0m Medium — Bug Bounty Writeup
2026-06-23 19:08:59,148 [INFO]     [38;5;220m✓[0m 10/10 passed | top 10 kept
2026-06-23 19:08:59,148 [INFO]   [38;5;220m>[0m Medium — Bug Bounty
2026-06-23 19:08:59,233 [INFO]     [38;5;220m✓[0m 10/10 passed | top 10 kept
2026-06-23 19:08:59,233 [INFO]   [38;5;220m>[0m dev.to — Bug Bounty
2026-06-23 19:08:59,751 [INFO]     [38;5;220m✓[0m 12/12 passed | top 12 kept
2026-06-23 19:08:59,751 [INFO]   [38;5;220m>[0m GitHub medium-writeups
2026-06-23 19:08:59,959 [INFO]     [38;5;220m✓[0m 20/20 passed | top 20 kept
2026-06-23 19:08:59,960 [INFO]   dropped 52 low-quality (score < 3)
2026-06-23 19:08:59,961 [INFO]   queue → 69 items  [devto:6 | github_wu:24 | intigriti:6 | medium_bb:13 | medium_wu:6 | portswigger:14]
2026-06-23 19:08:59,962 [INFO]   [38;5;220m→[0m [portswigger] score=19  Introducing the URL validation bypass cheat sheet
2026-06-23 19:09:00,162 [INFO]   [38;5;220m✅ sent[0m
2026-06-23 19:09:01,664 [INFO]   done. sent 1/1 | queue: 68
